[2020-08-30 17:29:45,665]DEBUG  7145[main] - org.hibernate.engine.transaction.jta.platform.internal.StandardJtaPlatformResolver.resolveJtaPlatform(StandardJtaPlatformResolver.java:137) - Could not resolve JtaPlatform, using default [org.hibernate.engine.transaction.jta.platform.internal.NoJtaPlatform]
[2020-08-30 17:29:45,666] INFO  7146[main] - org.hibernate.engine.transaction.jta.platform.internal.JtaPlatformInitiator.initiateService(JtaPlatformInitiator.java:52) - HHH000490: Using JtaPlatform implementation: [org.hibernate.engine.transaction.jta.platform.internal.NoJtaPlatform]
[2020-08-30 17:29:45,668]DEBUG  7148[main] - org.hibernate.query.spi.NamedQueryRepository.checkNamedQueries(NamedQueryRepository.java:151) - Checking 0 named HQL queries
[2020-08-30 17:29:45,670]DEBUG  7150[main] - org.hibernate.query.spi.NamedQueryRepository.checkNamedQueries(NamedQueryRepository.java:167) - Checking 0 named SQL queries
[2020-08-30 17:29:45,673]DEBUG  7153[main] - org.hibernate.internal.SessionFactoryRegistry.<init>(SessionFactoryRegistry.java:52) - Initializing SessionFactoryRegistry : org.hibernate.internal.SessionFactoryRegistry@49ede9c7
[2020-08-30 17:29:45,678]DEBUG  7158[main] - org.hibernate.internal.SessionFactoryRegistry.addSessionFactory(SessionFactoryRegistry.java:74) - Registering SessionFactory: ef0e4fd8-32ab-41e4-977c-771ff2b00856 (<unnamed>)
[2020-08-30 17:29:45,678]DEBUG  7158[main] - org.hibernate.internal.SessionFactoryRegistry.addSessionFactory(SessionFactoryRegistry.java:81) - Not binding SessionFactory to JNDI, no JNDI name configured
[2020-08-30 17:29:45,775] INFO  7255[main] - com.zomentum.BookingMovies.repository.TicketRepositoryImpl.deleteTicket(TicketRepositoryImpl.java:90) - starting to delete the ticket with t-id : ef8e0205-7d96-4dda-8c72-34dad0bc5137
[2020-08-30 17:29:46,031]DEBUG  7511[main] - org.hibernate.stat.internal.StatisticsInitiator.initiateServiceInternal(StatisticsInitiator.java:101) - Statistics initialized [enabled=false]
[2020-08-30 17:29:46,052] INFO  7532[main] - com.zomentum.BookingMovies.repository.AbstractRepository.getSession(AbstractRepository.java:28) - new session has been created.
[2020-08-30 17:29:46,057]DEBUG  7537[main] - org.hibernate.engine.transaction.internal.TransactionImpl.<init>(TransactionImpl.java:56) - On TransactionImpl creation, JpaCompliance#isJpaTransactionComplianceEnabled == false
[2020-08-30 17:29:46,058]DEBUG  7538[main] - org.hibernate.engine.transaction.internal.TransactionImpl.begin(TransactionImpl.java:84) - begin
[2020-08-30 17:29:46,061]DEBUG  7541[main] - com.zomentum.BookingMovies.repository.AbstractRepository.begin(AbstractRepository.java:37) - beginning a new Transaction.
[2020-08-30 17:29:46,086]DEBUG  7566[main] - org.hibernate.engine.jdbc.spi.SqlStatementLogger.logStatement(SqlStatementLogger.java:94) - select ticket0_.ticket_id as ticket_i1_0_0_, ticket0_.ticket_time as ticket_t2_0_0_, ticket0_.user_id as user_id3_0_0_, user1_.user_id as user_id1_1_1_, user1_.user_name as user_nam2_1_1_, user1_.user_phone_number as user_pho3_1_1_ from ticket_table ticket0_ left outer join user user1_ on ticket0_.user_id=user1_.user_id where ticket0_.ticket_id=?
[2020-08-30 17:29:46,140]DEBUG  7620[main] - org.hibernate.resource.jdbc.internal.ResourceRegistryStandardImpl.release(ResourceRegistryStandardImpl.java:87) - HHH000387: ResultSet's statement was not registered
[2020-08-30 17:29:46,141]DEBUG  7621[main] - org.hibernate.loader.entity.plan.AbstractLoadPlanBasedEntityLoader.load(AbstractLoadPlanBasedEntityLoader.java:219) - Done entity load : com.zomentum.BookingMovies.model.Ticket#ef8e0205-7d96-4dda-8c72-34dad0bc5137
[2020-08-30 17:29:46,142]DEBUG  7622[main] - org.hibernate.engine.transaction.internal.TransactionImpl.commit(TransactionImpl.java:101) - committing
[2020-08-30 17:29:46,144]DEBUG  7624[main] - org.hibernate.resource.jdbc.internal.LogicalConnectionManagedImpl.afterTransaction(LogicalConnectionManagedImpl.java:161) - Initiating JDBC connection release from afterTransaction
[2020-08-30 17:29:46,145]DEBUG  7625[main] - org.hibernate.resource.jdbc.internal.LogicalConnectionManagedImpl.afterTransaction(LogicalConnectionManagedImpl.java:161) - Initiating JDBC connection release from afterTransaction
[2020-08-30 17:29:46,146]DEBUG  7626[main] - com.zomentum.BookingMovies.repository.AbstractRepository.commit(AbstractRepository.java:44) - Successfully commited to the DB.
